<?xml version="1.0" encoding="utf-8"?>
<TestRun id="0d5a755d-bf55-46ab-82e9-6cd97829c13c" name="heite@DESKTOP-R06DB73 2022-07-13 07:19:51" runUser="DESKTOP-R06DB73\heite" xmlns="http://microsoft.com/schemas/VisualStudio/TeamTest/2010">
  <Times creation="2022-07-13T07:19:51.7804536-03:00" queuing="2022-07-13T07:19:51.7804539-03:00" start="2022-07-13T07:19:46.7821825-03:00" finish="2022-07-13T07:19:51.7978833-03:00" />
  <TestSettings name="default" id="6f134edf-459c-471c-8b2e-3c34f1639666">
    <Deployment runDeploymentRoot="heite_DESKTOP-R06DB73_2022-07-13_07_19_51" />
  </TestSettings>
  <Results>
    <UnitTestResult executionId="8ce2defc-c8c9-4f2b-a1aa-235b631ca621" testId="09bffba3-3935-daa5-e3a3-16094dab8bf5" testName="ShouldSeeMainArea" computerName="DESKTOP-R06DB73" duration="00:00:03.4520080" startTime="2022-07-13T07:19:48.1897303-03:00" endTime="2022-07-13T07:19:51.6416155-03:00" testType="13cdc9d9-ddb5-4fa4-a97d-d965ccfc6d4b" outcome="Passed" testListId="8c84fa94-04c1-424b-9868-57a2d4851a1d" relativeResultsDirectory="8ce2defc-c8c9-4f2b-a1aa-235b631ca621">
      <ResultFiles>
        <ResultFile path="DESKTOP-R06DB73\0-1008.png" />
      </ResultFiles>
    </UnitTestResult>
  </Results>
  <TestDefinitions>
    <UnitTest name="ShouldSeeMainArea" storage="d:\dev\swaglabs\swaglabs\bin\debug\net6.0\swaglabs.dll" id="09bffba3-3935-daa5-e3a3-16094dab8bf5">
      <Execution id="8ce2defc-c8c9-4f2b-a1aa-235b631ca621" />
      <TestMethod codeBase="D:\dev\SwagLabs\SwagLabs\bin\Debug\net6.0\SwagLabs.dll" adapterTypeName="executor://nunit3testexecutor/" className="SwagLabs.Tests.TestesLogin" name="ShouldSeeMainArea" />
    </UnitTest>
  </TestDefinitions>
  <TestEntries>
    <TestEntry testId="09bffba3-3935-daa5-e3a3-16094dab8bf5" executionId="8ce2defc-c8c9-4f2b-a1aa-235b631ca621" testListId="8c84fa94-04c1-424b-9868-57a2d4851a1d" />
  </TestEntries>
  <TestLists>
    <TestList name="Resultados que não estão em uma lista" id="8c84fa94-04c1-424b-9868-57a2d4851a1d" />
    <TestList name="Todos os resultados carregados" id="19431567-8539-422a-85d7-44ee4e166bda" />
  </TestLists>
  <ResultSummary outcome="Completed">
    <Counters total="1" executed="1" passed="1" failed="0" error="0" timeout="0" aborted="0" inconclusive="0" passedButRunAborted="0" notRunnable="0" notExecuted="0" disconnected="0" warning="0" completed="0" inProgress="0" pending="0" />
    <Output>
      <StdOut>NUnit Adapter 4.2.0.0: Test execution started&#xD;
Running selected tests in D:\dev\SwagLabs\SwagLabs\bin\Debug\net6.0\SwagLabs.dll&#xD;
   NUnit3TestExecutor discovered 1 of 1 NUnit test cases using Current Discovery mode, Non-Explicit run&#xD;
NUnit Adapter 4.2.0.0: Test execution complete&#xD;
</StdOut>
    </Output>
  </ResultSummary>
</TestRun>